<?xml version="1.0" encoding="UTF-8"?>
<!-- Generated by org.testng.reporters.JUnitReportReporter -->
<testsuite hostname="sahoo-HP-Laptop-15q-ds0xxx" failures="0" tests="1" name="basicsOfRestAssured.RequestGet01" time="3.241" errors="0" timestamp="2022-01-29T12:41:01 IST" skipped="0">
  <testcase classname="basicsOfRestAssured.RequestGet01" name="particularUserDetails" time="3.241"/>
  <system-out/>
</testsuite> <!-- basicsOfRestAssured.RequestGet01 -->
