<?xml version="1.0" encoding="UTF-8"?>
<!-- Generated by org.testng.reporters.JUnitReportReporter -->
<testsuite hostname="sahoo-HP-Laptop-15q-ds0xxx" failures="0" tests="1" name="basicsOfRestAssured.GetUsers" time="13.863" errors="0" timestamp="2022-01-29T16:50:13 IST" skipped="0">
  <testcase classname="basicsOfRestAssured.GetUsers" name="listOfUsers03" time="13.863"/>
  <system-out/>
</testsuite> <!-- basicsOfRestAssured.GetUsers -->
