<?xml version="1.0" encoding="UTF-8"?>
<!-- Generated by org.testng.reporters.JUnitReportReporter -->
<testsuite hostname="sahoo-HP-Laptop-15q-ds0xxx" failures="0" tests="1" name="basicsOfRestAssured.UpdateUsser" time="4.526" errors="0" timestamp="2022-01-29T17:24:00 IST" skipped="0">
  <testcase classname="basicsOfRestAssured.UpdateUsser" name="updateUserDetailsWithPatch" time="4.526"/>
  <system-out/>
</testsuite> <!-- basicsOfRestAssured.UpdateUsser -->
