<?xml version="1.0" encoding="UTF-8"?>
<!-- Generated by org.testng.reporters.JUnitReportReporter -->
<testsuite hostname="sahoo-HP-Laptop-15q-ds0xxx" failures="0" tests="1" name="basicsOfRestAssured.Examples" time="1.933" errors="0" timestamp="2022-01-29T22:52:47 IST" skipped="0">
  <testcase classname="basicsOfRestAssured.Examples" name="test_get_user" time="1.933"/>
  <system-out/>
</testsuite> <!-- basicsOfRestAssured.Examples -->
