<?xml version="1.0" encoding="UTF-8"?>
<!-- Generated by org.testng.reporters.JUnitReportReporter -->
<testsuite hostname="sahoo-HP-Laptop-15q-ds0xxx" failures="0" tests="1" name="basicsOfRestAssured.DeleteUser" time="3.412" errors="0" timestamp="2022-01-29T17:29:33 IST" skipped="0">
  <testcase classname="basicsOfRestAssured.DeleteUser" name="deleteUserDetatils" time="3.412"/>
  <system-out/>
</testsuite> <!-- basicsOfRestAssured.DeleteUser -->
