<?xml version="1.0" encoding="UTF-8"?>
<!-- Generated by org.testng.reporters.JUnitReportReporter -->
<testsuite hostname="sahoo-HP-Laptop-15q-ds0xxx" failures="0" tests="1" name="basicsOfRestAssured.CreateUsers" time="23.026" errors="0" timestamp="2022-01-29T17:16:45 IST" skipped="0">
  <testcase classname="basicsOfRestAssured.CreateUsers" name="createUser" time="23.026"/>
  <system-out/>
</testsuite> <!-- basicsOfRestAssured.CreateUsers -->
