<?xml version="1.0" encoding="UTF-8"?>
<!-- Generated by org.testng.reporters.JUnitReportReporter -->
<testsuite hostname="sahoo-HP-Laptop-15q-ds0xxx" failures="0" tests="2" name="basicsOfRestAssured.DataDrivenExamples1" time="1.970" errors="0" timestamp="2022-01-29T23:00:25 IST" skipped="0">
  <testcase classname="basicsOfRestAssured.DataDrivenExamples1" name="delete_user" time="0.030"/>
  <system-out/>
  <testcase classname="basicsOfRestAssured.DataDrivenExamples1" name="delete_user" time="1.940"/>
  <system-out/>
</testsuite> <!-- basicsOfRestAssured.DataDrivenExamples1 -->
